          SpriteFonts
     3 ms |   Precache common|FreeSans.ttf 10px
     0 ms |   Precache common|FreeSansBold.ttf 10px
     1 ms |   Precache common|FreeSans.ttf 14px
     1 ms |   Precache common|FreeSansBold.ttf 14px
     1 ms |   Precache common|FreeSansBold.ttf 18px
     1 ms |   Precache common|FreeSansBold.ttf 24px
    14 ms --------------------------------------------------
     1 ms LoadMaps
          SpriteFonts
     1 ms |   Precache common|FreeSans.ttf 10px
     0 ms |   Precache common|FreeSansBold.ttf 10px
     1 ms |   Precache common|FreeSans.ttf 12px
     1 ms |   Precache common|FreeSans.ttf 14px
     1 ms |   Precache common|FreeSansBold.ttf 14px
     1 ms |   Precache common|FreeSansBold.ttf 18px
     1 ms |   Precache common|FreeSansBold.ttf 24px
     6 ms --------------------------------------------------
          LoadMaps
    22 ms |   16-9.oramap
     1 ms |   a-new-winter.oramap
     1 ms |   african-gambit.oramap
     1 ms |   aggressive-tendencies.oramap
     2 ms |   alpha-juno-5.oramap
     1 ms |   antrax.oramap
     1 ms |   anvil-of-war.oramap
     1 ms |   arcade.oramap
     8 ms |   armageddon.oramap
     1 ms |   axis-of-advance.oramap
     1 ms |   back-to-basics.oramap
     1 ms |   badland-ridges.oramap
     4 ms |   blank-shellmap
     2 ms |   blood-and-sand.oramap
     1 ms |   blue-mountains.oramap
     3 ms |   botany.oramap
     1 ms |   break-of-day.oramap
     1 ms |   burning-hammer.oramap
     3 ms |   carters-ridge.oramap
     1 ms |   chill-out.oramap
     1 ms |   chokepoint.oramap
     7 ms |   cnc64gdi01
     2 ms |   collateral-chaos.oramap
     1 ms |   control-and-chaos.oramap
     1 ms |   crackpoint.oramap
     2 ms |   crossing-the-divide.oramap
     1 ms |   desert-invasion.oramap
     1 ms |   desert-mandarins.oramap
    11 ms |   desert-rats-cnc
     1 ms |   desert-storm-3.oramap
     1 ms |   deserted-outpost.oramap
     2 ms |   deterring-democracy-plus.oramap
     1 ms |   deterring-democracy.oramap
     1 ms |   dualism.oramap
     1 ms |   east-vs-west-3.oramap
     2 ms |   elysian-expanse.oramap
     1 ms |   escalations.oramap
     8 ms |   eviction-notice
     1 ms |   fight-win-prevail.oramap
     1 ms |   frigid-pass.oramap
     6 ms |   funpark01
     7 ms |   gdi01
     9 ms |   gdi02
     7 ms |   gdi03
     7 ms |   gdi04a
    10 ms |   gdi04b
     8 ms |   gdi04c
    10 ms |   gdi05a
     6 ms |   gdi05b
     7 ms |   gdi05c
    11 ms |   gdi06
     7 ms |   gdi07
     7 ms |   gdi08a
    11 ms |   gdi08b
     7 ms |   gdi09
     1 ms |   haos-ridges-cnc.oramap
     1 ms |   hattrix.oramap
     2 ms |   hegemony-or-survival.oramap
     1 ms |   island-duel.oramap
     1 ms |   jungle-conflict.oramap
     7 ms |   kolosseum.oramap
     2 ms |   lockdown.oramap
     1 ms |   manufacturing-consent.oramap
     1 ms |   master-alert.oramap
     2 ms |   master-of-the-jungle-book.oramap
     1 ms |   matchpoint.oramap
     2 ms |   media-control.oramap
     1 ms |   model-200.oramap
     1 ms |   morbid-aimless-poseidon.oramap
     3 ms |   mountain-town-madness.oramap
     1 ms |   mt-nukebait.oramap
     7 ms |   nod01
     5 ms |   nod02a
     5 ms |   nod02b
    10 ms |   nod03a
     5 ms |   nod03b
     5 ms |   nod04a
    25 ms |   nod04b
     7 ms |   nod05
     6 ms |   nod06a
    11 ms |   nod06b
     7 ms |   nod06c
     6 ms |   nod07a
    10 ms |   nod07b
     6 ms |   nod07c
     5 ms |   nod08a
     9 ms |   nod08b
     7 ms |   nod09
    10 ms |   nod10a
     5 ms |   nod10b
     2 ms |   order-of-battle.oramap
     1 ms |   ping-pong-bay.oramap
     2 ms |   pirates-and-emperors.oramap
     1 ms |   pressure-cnc.oramap
     1 ms |   reaching-out.oramap
     2 ms |   riverside-frontline.oramap
     3 ms |   scorched-earth.oramap
     1 ms |   sustain.oramap
     3 ms |   tactical-advance.oramap
     4 ms |   the-hot-box
     2 ms |   tiberian-falls.oramap
     3 ms |   tiberium-forest.oramap
     1 ms |   tiberium-garden-2.oramap
     1 ms |   tiberium-rift.oramap
     1 ms |   too-hot.oramap
     2 ms |   trial-of-possession.oramap
     2 ms |   tropic-expanse.oramap
     4 ms |   twin-lakes.oramap
     8 ms |   twist-of-fate
     1 ms |   two-ponds.oramap
     2 ms |   valley-of-gold-6p.oramap
     2 ms |   valley-of-gold.oramap
     2 ms |   vectors-of-battle.oramap
     1 ms |   war-zone-x.oramap
     7 ms |   warchild.oramap
     1 ms |   warkraft.oramap
     1 ms |   x896.oramap
     2 ms |   year-501.oramap
   475 ms --------------------------------------------------
          StartGame
          |   NewWorld
          |   |   PrepareMap
          |   |   |   Map
    41 ms |   |   |   |   LoadSequences
   222 ms |   |   |   --------------------------------------
     6 ms |   |   |   Map.Music
   483 ms |   |   ------------------------------------------
   618 ms |   ----------------------------------------------
          |   LoadComplete
     0 ms |   |   ScreenMap.WorldLoaded
     0 ms |   |   MenuPaletteEffect.WorldLoaded
     5 ms |   |   MusicPlaylist.WorldLoaded
     6 ms |   |   TerrainRenderer.WorldLoaded
     0 ms |   |   TerrainGeometryOverlay.WorldLoaded
     8 ms |   |   ShroudRenderer.WorldLoaded
     2 ms |   |   DevCommands.WorldLoaded
     1 ms |   |   DebugVisualizationCommands.WorldLoaded
     0 ms |   |   PlayerCommands.WorldLoaded
     0 ms |   |   HelpCommand.WorldLoaded
     0 ms |   |   ScreenShaker.WorldLoaded
     7 ms |   |   LegacyBridgeLayer.WorldLoaded
     3 ms |   |   SmudgeLayer.WorldLoaded
     0 ms |   |   SmudgeLayer.WorldLoaded
     0 ms |   |   CustomTerrainDebugOverlay.WorldLoaded
     2 ms |   |   SpawnMapActors.WorldLoaded
    32 ms |   |   LoadWidgetAtGameStart.WorldLoaded
     0 ms |   |   CellTriggerOverlay.WorldLoaded
     0 ms |   |   TimeLimitManager.WorldLoaded
    10 ms |   |   Locomotor.WorldLoaded
     0 ms |   |   Locomotor.WorldLoaded
     0 ms |   |   Locomotor.WorldLoaded
     0 ms |   |   Locomotor.WorldLoaded
     0 ms |   |   Locomotor.WorldLoaded
     0 ms |   |   Locomotor.WorldLoaded
     0 ms |   |   Locomotor.WorldLoaded
     0 ms |   |   Locomotor.WorldLoaded
     0 ms |   |   Locomotor.WorldLoaded
     0 ms |   |   Locomotor.WorldLoaded
    16 ms |   |   ResourceLayer.WorldLoaded
    10 ms |   |   ResourceRenderer.WorldLoaded
    50 ms |   |   PathFinder.WorldLoaded
     0 ms |   |   PathFinderOverlay.WorldLoaded
     0 ms |   |   HierarchicalPathFinderOverlay.WorldLoaded
     0 ms |   |   MissionObjectives.WorldLoaded
     0 ms |   |   PlayerStatistics.WorldLoaded
     0 ms |   |   GameSaveViewportManager.WorldLoaded
     1 ms |   |   PlayerRadarTerrain.WorldLoaded
     0 ms |   |   MissionObjectives.WorldLoaded
     0 ms |   |   PlayerStatistics.WorldLoaded
     0 ms |   |   GameSaveViewportManager.WorldLoaded
     0 ms |   |   PlayerRadarTerrain.WorldLoaded
   157 ms |   ----------------------------------------------
   857 ms --------------------------------------------------
